<?xml version="1.0" encoding="UTF-8"?>
<!-- Generated by org.testng.reporters.JUnitReportReporter -->
<testsuite hostname="LT23101997" failures="0" tests="11" name="com.demo.ExtentReports.demo2" time="134.440" errors="0" timestamp="2021-07-05T13:14:58 IST" skipped="1">
  <testcase classname="com.demo.ExtentReports.demo2" name="correctTitle" time="13.667"/>
  <testcase classname="com.demo.ExtentReports.demo2" name="correctTitle" time="12.068"/>
  <testcase classname="com.demo.ExtentReports.demo2" name="correctTitle" time="16.525"/>
  <testcase classname="com.demo.ExtentReports.demo2" name="correctTitle" time="13.992"/>
  <testcase classname="com.demo.ExtentReports.demo2" name="correctTitle" time="12.742"/>
  <testcase classname="com.demo.ExtentReports.demo2" name="correctTitle" time="13.977"/>
  <testcase classname="com.demo.ExtentReports.demo2" name="correctTitle" time="12.612"/>
  <testcase classname="com.demo.ExtentReports.demo2" name="correctTitle" time="12.493"/>
  <testcase classname="com.demo.ExtentReports.demo2" name="correctTitle" time="13.878"/>
  <testcase classname="com.demo.ExtentReports.demo2" name="correctTitle" time="12.486"/>
  <testcase classname="com.demo.ExtentReports.demo2" name="incorrectTitle">
    <skipped/>
  </testcase> <!-- incorrectTitle -->
</testsuite> <!-- com.demo.ExtentReports.demo2 -->
