<?xml version="1.0" encoding="UTF-8"?>
<!-- Generated by org.testng.reporters.JUnitReportReporter -->
<testsuite hostname="LT23101997" failures="0" tests="3" name="com.demo.ExtentReports.demo1" time="26.148" errors="0" timestamp="2021-07-05T16:22:03 IST" skipped="1">
  <testcase classname="com.demo.ExtentReports.demo1" name="correctTitle" time="14.963"/>
  <testcase classname="com.demo.ExtentReports.demo1" name="correctTitle" time="11.185"/>
  <testcase classname="com.demo.ExtentReports.demo1" name="incorrectTitle">
    <skipped/>
  </testcase> <!-- incorrectTitle -->
</testsuite> <!-- com.demo.ExtentReports.demo1 -->
