<?xml version="1.0" encoding="UTF-8"?>
<!-- Generated by org.testng.reporters.JUnitReportReporter -->
<testsuite hostname="LT23101997" failures="0" tests="11" name="com.demo.ExtentReports.demo1" time="47.103" errors="0" timestamp="2021-07-04T22:03:31 IST" skipped="1">
  <testcase classname="com.demo.ExtentReports.demo1" name="correctTitle" time="5.855"/>
  <testcase classname="com.demo.ExtentReports.demo1" name="correctTitle" time="4.280"/>
  <testcase classname="com.demo.ExtentReports.demo1" name="correctTitle" time="4.256"/>
  <testcase classname="com.demo.ExtentReports.demo1" name="correctTitle" time="4.589"/>
  <testcase classname="com.demo.ExtentReports.demo1" name="correctTitle" time="4.457"/>
  <testcase classname="com.demo.ExtentReports.demo1" name="correctTitle" time="4.724"/>
  <testcase classname="com.demo.ExtentReports.demo1" name="correctTitle" time="4.419"/>
  <testcase classname="com.demo.ExtentReports.demo1" name="correctTitle" time="4.855"/>
  <testcase classname="com.demo.ExtentReports.demo1" name="correctTitle" time="4.802"/>
  <testcase classname="com.demo.ExtentReports.demo1" name="correctTitle" time="4.866"/>
  <testcase classname="com.demo.ExtentReports.demo1" name="incorrectTitle">
    <skipped/>
  </testcase> <!-- incorrectTitle -->
</testsuite> <!-- com.demo.ExtentReports.demo1 -->
